[ 2026-05-03 15:05:32,148 ] 1025 httpx - INFO - HTTP Request: GET https://dagshub.com/api/v1/user "HTTP/1.1 200 OK"
[ 2026-05-03 15:05:32,155 ] 107 dagshub - INFO - Accessing as prajwalnaik820
[ 2026-05-03 15:05:33,268 ] 1025 httpx - INFO - HTTP Request: GET https://dagshub.com/api/v1/repos/prajwalnaik820/network-security-ml "HTTP/1.1 200 OK"
[ 2026-05-03 15:05:34,335 ] 1025 httpx - INFO - HTTP Request: GET https://dagshub.com/api/v1/user "HTTP/1.1 200 OK"
[ 2026-05-03 15:05:34,337 ] 107 dagshub - INFO - Initialized MLflow to track repo "prajwalnaik820/network-security-ml"
[ 2026-05-03 15:05:34,338 ] 107 dagshub - INFO - Repository prajwalnaik820/network-security-ml initialized!
[ 2026-05-03 15:07:21,036 ] 44 root - INFO - Start data Ingestion
[ 2026-05-03 15:07:24,712 ] 79 root - INFO - Performed train-test split on dataframe
[ 2026-05-03 15:07:24,712 ] 84 root - INFO - Exporting train and test files
[ 2026-05-03 15:07:24,769 ] 98 root - INFO - Train and test files exported successfully
[ 2026-05-03 15:07:24,770 ] 47 root - INFO - Data Ingestion completed and artifact: DataIngestionArtifact(trained_file_path='Artifacts\\05_03_2026_15_05_27\\data_ingestion\\ingested\\train.csv', test_file_path='Artifacts\\05_03_2026_15_05_27\\data_ingestion\\ingested\\test.csv')
[ 2026-05-03 15:07:24,788 ] 57 root - INFO - Initiate the data Validation
[ 2026-05-03 15:07:24,849 ] 39 root - INFO - Required number of columns:2
[ 2026-05-03 15:07:24,849 ] 40 root - INFO - Data frame has columns:31
[ 2026-05-03 15:07:24,849 ] 39 root - INFO - Required number of columns:2
[ 2026-05-03 15:07:24,849 ] 40 root - INFO - Data frame has columns:31
[ 2026-05-03 15:07:25,025 ] 72 root - INFO - Entered initiate_data_transformation method of DataTransformation class
[ 2026-05-03 15:07:25,026 ] 76 root - INFO - Starting data transformation
[ 2026-05-03 15:07:25,050 ] 58 root - INFO - Entered get_data_trnasformer_object method of Trnasformation class
[ 2026-05-03 15:07:25,050 ] 63 root - INFO - Initialise KNNImputer with {'missing_values': nan, 'n_neighbors': 3, 'weights': 'uniform'}
[ 2026-05-03 15:07:25,061 ] 51 root - INFO - Entered the save_object method of MainUtils class
[ 2026-05-03 15:07:25,064 ] 55 root - INFO - Exited the save_object method of MainUtils class
[ 2026-05-03 15:07:25,064 ] 51 root - INFO - Entered the save_object method of MainUtils class
[ 2026-05-03 15:07:25,076 ] 55 root - INFO - Exited the save_object method of MainUtils class
[ 2026-05-03 15:11:56,081 ] 51 root - INFO - Entered the save_object method of MainUtils class
[ 2026-05-03 15:11:56,081 ] 55 root - INFO - Exited the save_object method of MainUtils class
[ 2026-05-03 15:11:56,081 ] 51 root - INFO - Entered the save_object method of MainUtils class
[ 2026-05-03 15:11:56,115 ] 55 root - INFO - Exited the save_object method of MainUtils class
[ 2026-05-03 15:11:56,115 ] 169 root - INFO - Model trainer artifact: ModelTrainerArtifact(trained_model_file_path='Artifacts\\05_03_2026_15_05_27\\model_trainer\\trained_model\\model.pkl', train_metric_artifact=ClassificationMetricArtifact(f1_score=0.991939598000204, precision_score=0.9898187741804113, recall_score=0.9940695296523517), test_metric_artifact=ClassificationMetricArtifact(f1_score=0.9745197961583693, precision_score=0.9680685358255452, recall_score=0.9810576164167324))
