[ 2026-05-03 09:15:16,290 ] 1025 httpx - INFO - HTTP Request: GET https://dagshub.com/api/v1/user "HTTP/1.1 200 OK"
[ 2026-05-03 09:15:16,311 ] 107 dagshub - INFO - Accessing as prajwalnaik820
[ 2026-05-03 09:15:17,413 ] 1025 httpx - INFO - HTTP Request: GET https://dagshub.com/api/v1/repos/prajwalnaik820/network-security-ml "HTTP/1.1 200 OK"
[ 2026-05-03 09:15:18,461 ] 1025 httpx - INFO - HTTP Request: GET https://dagshub.com/api/v1/user "HTTP/1.1 200 OK"
[ 2026-05-03 09:15:18,474 ] 107 dagshub - INFO - Initialized MLflow to track repo "prajwalnaik820/network-security-ml"
[ 2026-05-03 09:15:18,475 ] 107 dagshub - INFO - Repository prajwalnaik820/network-security-ml initialized!
[ 2026-05-03 09:15:24,164 ] 44 root - INFO - Start data Ingestion
[ 2026-05-03 09:15:27,291 ] 79 root - INFO - Performed train-test split on dataframe
[ 2026-05-03 09:15:27,292 ] 84 root - INFO - Exporting train and test files
[ 2026-05-03 09:15:27,357 ] 98 root - INFO - Train and test files exported successfully
[ 2026-05-03 09:15:27,358 ] 47 root - INFO - Data Ingestion completed and artifact: DataIngestionArtifact(trained_file_path='Artifacts\\05_03_2026_09_15_11\\data_ingestion\\ingested\\train.csv', test_file_path='Artifacts\\05_03_2026_09_15_11\\data_ingestion\\ingested\\test.csv')
[ 2026-05-03 09:15:27,363 ] 57 root - INFO - Initiate the data Validation
[ 2026-05-03 09:15:27,450 ] 39 root - INFO - Required number of columns:2
[ 2026-05-03 09:15:27,450 ] 40 root - INFO - Data frame has columns:31
[ 2026-05-03 09:15:27,450 ] 39 root - INFO - Required number of columns:2
[ 2026-05-03 09:15:27,450 ] 40 root - INFO - Data frame has columns:31
[ 2026-05-03 09:15:27,632 ] 72 root - INFO - Entered initiate_data_transformation method of DataTransformation class
[ 2026-05-03 09:15:27,632 ] 76 root - INFO - Starting data transformation
[ 2026-05-03 09:15:27,656 ] 58 root - INFO - Entered get_data_trnasformer_object method of Trnasformation class
[ 2026-05-03 09:15:27,656 ] 63 root - INFO - Initialise KNNImputer with {'missing_values': nan, 'n_neighbors': 3, 'weights': 'uniform'}
[ 2026-05-03 09:15:27,668 ] 51 root - INFO - Entered the save_object method of MainUtils class
[ 2026-05-03 09:15:27,670 ] 55 root - INFO - Exited the save_object method of MainUtils class
[ 2026-05-03 09:15:27,670 ] 51 root - INFO - Entered the save_object method of MainUtils class
[ 2026-05-03 09:15:27,672 ] 55 root - INFO - Exited the save_object method of MainUtils class
[ 2026-05-03 09:20:06,175 ] 51 root - INFO - Entered the save_object method of MainUtils class
[ 2026-05-03 09:20:06,175 ] 55 root - INFO - Exited the save_object method of MainUtils class
[ 2026-05-03 09:20:06,175 ] 51 root - INFO - Entered the save_object method of MainUtils class
[ 2026-05-03 09:20:06,235 ] 55 root - INFO - Exited the save_object method of MainUtils class
[ 2026-05-03 09:20:06,235 ] 169 root - INFO - Model trainer artifact: ModelTrainerArtifact(trained_model_file_path='Artifacts\\05_03_2026_09_15_11\\model_trainer\\trained_model\\model.pkl', train_metric_artifact=ClassificationMetricArtifact(f1_score=0.9912778904665315, precision_score=0.9884708737864077, recall_score=0.9941008950366151), test_metric_artifact=ClassificationMetricArtifact(f1_score=0.9780789159027501, precision_score=0.9676656151419558, recall_score=0.9887187751813054))
[ 2026-05-03 09:20:34,802 ] 44 root - INFO - Start data Ingestion
[ 2026-05-03 09:20:37,528 ] 79 root - INFO - Performed train-test split on dataframe
[ 2026-05-03 09:20:37,528 ] 84 root - INFO - Exporting train and test files
[ 2026-05-03 09:20:37,590 ] 98 root - INFO - Train and test files exported successfully
[ 2026-05-03 09:20:37,590 ] 47 root - INFO - Data Ingestion completed and artifact: DataIngestionArtifact(trained_file_path='Artifacts\\05_03_2026_09_15_11\\data_ingestion\\ingested\\train.csv', test_file_path='Artifacts\\05_03_2026_09_15_11\\data_ingestion\\ingested\\test.csv')
[ 2026-05-03 09:20:37,595 ] 57 root - INFO - Initiate the data Validation
[ 2026-05-03 09:20:37,665 ] 39 root - INFO - Required number of columns:2
[ 2026-05-03 09:20:37,665 ] 40 root - INFO - Data frame has columns:31
[ 2026-05-03 09:20:37,665 ] 39 root - INFO - Required number of columns:2
[ 2026-05-03 09:20:37,665 ] 40 root - INFO - Data frame has columns:31
[ 2026-05-03 09:20:37,815 ] 72 root - INFO - Entered initiate_data_transformation method of DataTransformation class
[ 2026-05-03 09:20:37,816 ] 76 root - INFO - Starting data transformation
[ 2026-05-03 09:20:37,851 ] 58 root - INFO - Entered get_data_trnasformer_object method of Trnasformation class
[ 2026-05-03 09:20:37,851 ] 63 root - INFO - Initialise KNNImputer with {'missing_values': nan, 'n_neighbors': 3, 'weights': 'uniform'}
[ 2026-05-03 09:20:37,871 ] 51 root - INFO - Entered the save_object method of MainUtils class
[ 2026-05-03 09:20:37,875 ] 55 root - INFO - Exited the save_object method of MainUtils class
[ 2026-05-03 09:20:37,875 ] 51 root - INFO - Entered the save_object method of MainUtils class
[ 2026-05-03 09:20:37,878 ] 55 root - INFO - Exited the save_object method of MainUtils class
[ 2026-05-03 09:25:00,476 ] 51 root - INFO - Entered the save_object method of MainUtils class
[ 2026-05-03 09:25:00,476 ] 55 root - INFO - Exited the save_object method of MainUtils class
[ 2026-05-03 09:25:00,476 ] 51 root - INFO - Entered the save_object method of MainUtils class
[ 2026-05-03 09:25:00,495 ] 55 root - INFO - Exited the save_object method of MainUtils class
[ 2026-05-03 09:25:00,496 ] 169 root - INFO - Model trainer artifact: ModelTrainerArtifact(trained_model_file_path='Artifacts\\05_03_2026_09_15_11\\model_trainer\\trained_model\\model.pkl', train_metric_artifact=ClassificationMetricArtifact(f1_score=0.9909708836359947, precision_score=0.988663967611336, recall_score=0.9932885906040269), test_metric_artifact=ClassificationMetricArtifact(f1_score=0.9712, precision_score=0.9634920634920635, recall_score=0.9790322580645161))
